Started at Sat Dec 03 08:38:43 UTC 2022
Processing build_deploy_gitclone
Offering build_deploy_gitclone to Project Build Discarder
Processing declarative_pipeline
Offering declarative_pipeline to Project Build Discarder
Processing declarative_pipeline2
Offering declarative_pipeline2 to Project Build Discarder
Processing firstjob
Offering firstjob to Project Build Discarder
Processing firstpipeline
Offering firstpipeline to Project Build Discarder
Processing fourthjob
Offering fourthjob to Project Build Discarder
Processing jfrog_build_deploy
Offering jfrog_build_deploy to Project Build Discarder
Processing practice
Offering practice to Project Build Discarder
Processing secondjob
Offering secondjob to Project Build Discarder
Processing testjob
Offering testjob to Project Build Discarder
Processing thirdjob
Offering thirdjob to Project Build Discarder
Processing tomcat_and_maven
Offering tomcat_and_maven to Project Build Discarder
Processing tomcat_deploy
Offering tomcat_deploy to Project Build Discarder
Finished at Sat Dec 03 08:38:43 UTC 2022. 22ms
Started at Sat Dec 03 09:38:43 UTC 2022
Processing backup
Offering backup to Project Build Discarder
Processing build_deploy_gitclone
Offering build_deploy_gitclone to Project Build Discarder
Processing declarative_pipeline
Offering declarative_pipeline to Project Build Discarder
Processing declarative_pipeline2
Offering declarative_pipeline2 to Project Build Discarder
Processing firstjob
Offering firstjob to Project Build Discarder
Processing firstpipeline
Offering firstpipeline to Project Build Discarder
Processing fourthjob
Offering fourthjob to Project Build Discarder
Processing jfrog_build_deploy
Offering jfrog_build_deploy to Project Build Discarder
Processing practice
Offering practice to Project Build Discarder
Processing secondjob
Offering secondjob to Project Build Discarder
Processing testjob
Offering testjob to Project Build Discarder
Processing thirdjob
Offering thirdjob to Project Build Discarder
Processing tomcat_and_maven
Offering tomcat_and_maven to Project Build Discarder
Processing tomcat_deploy
Offering tomcat_deploy to Project Build Discarder
Finished at Sat Dec 03 09:38:43 UTC 2022. 5ms
Started at Sat Dec 03 10:38:43 UTC 2022
Processing backup
Offering backup to Project Build Discarder
Processing build_deploy_gitclone
Offering build_deploy_gitclone to Project Build Discarder
Processing declarative_pipeline
Offering declarative_pipeline to Project Build Discarder
Processing declarative_pipeline2
Offering declarative_pipeline2 to Project Build Discarder
Processing firstjob
Offering firstjob to Project Build Discarder
Processing firstpipeline
Offering firstpipeline to Project Build Discarder
Processing fourthjob
Offering fourthjob to Project Build Discarder
Processing jfrog_build_deploy
Offering jfrog_build_deploy to Project Build Discarder
Processing practice
Offering practice to Project Build Discarder
Processing secondjob
Offering secondjob to Project Build Discarder
Processing testjob
Offering testjob to Project Build Discarder
Processing thirdjob
Offering thirdjob to Project Build Discarder
Processing tomcat_and_maven
Offering tomcat_and_maven to Project Build Discarder
Processing tomcat_deploy
Offering tomcat_deploy to Project Build Discarder
Finished at Sat Dec 03 10:38:43 UTC 2022. 2ms
